
> payment-gateway@0.1.0 frontend:build
> npm --prefix frontend run build


> payment-gateway-frontend@0.1.0 build
> nuxt build

│
▲  Changing NODE_ENV from development to production, to avoid unintended behavior.
┌  Building Nuxt for production...
│
●  Nuxt 3.21.2 (with Nitro 2.13.1, Vite 7.3.1 and Vue 3.5.30)
│
●  Nitro preset: node-server
ℹ Building client...
ℹ vite v7.3.1 building client environment for production...
ℹ transforming...
ℹ ✓ 137 modules transformed.
ℹ rendering chunks...
ℹ computing gzip size...
ℹ .nuxt/dist/client/manifest.json                   1.73 kB │ gzip:  0.39 kB
ℹ .nuxt/dist/client/_nuxt/error-500.I1Dtv2V5.css    1.88 kB │ gzip:  0.72 kB
ℹ .nuxt/dist/client/_nuxt/error-404.DL_4WIao.css    3.53 kB │ gzip:  1.09 kB
ℹ .nuxt/dist/client/_nuxt/B5qzAPsX.js               0.25 kB │ gzip:  0.20 kB
ℹ .nuxt/dist/client/_nuxt/kPE4ZOph.js               3.39 kB │ gzip:  1.53 kB
ℹ .nuxt/dist/client/_nuxt/tTcwmtzI.js               9.07 kB │ gzip:  3.67 kB
ℹ .nuxt/dist/client/_nuxt/ccU0iIWM.js              13.31 kB │ gzip:  4.24 kB
ℹ .nuxt/dist/client/_nuxt/DCSzoXet.js              86.53 kB │ gzip: 24.66 kB
ℹ .nuxt/dist/client/_nuxt/BoUJ2L-O.js             175.24 kB │ gzip: 65.81 kB
ℹ ✓ built in 1.00s
✔ Client built in 1005ms
ℹ Building server...
ℹ vite v7.3.1 building ssr environment for production...
ℹ transforming...
ℹ ✓ 70 modules transformed.
ℹ rendering chunks...
ℹ ✓ built in 501ms
✔ Server built in 504ms
[nitro] ✔ Generated public .output/public
[nitro] ℹ Building Nuxt Nitro server (preset: node-server, compatibility date: 2024-04-03)
[nitro] ✔ Nuxt Nitro server built
  ├─ .output/server/chunks/_/error-500.mjs (4.9 kB) (2.06 kB gzip)
  ├─ .output/server/chunks/_/error-500.mjs.map (182 B) (154 B gzip)
  ├─ .output/server/chunks/build/client.precomputed.mjs (3.71 kB) (651 B gzip)
  ├─ .output/server/chunks/build/client.precomputed.mjs.map (3.62 kB) (399 B gzip)
  ├─ .output/server/chunks/build/entry-styles.CG87gJNc.mjs (7.91 kB) (2.57 kB gzip)
  ├─ .output/server/chunks/build/entry-styles.CG87gJNc.mjs.map (285 B) (194 B gzip)
  ├─ .output/server/chunks/build/error-404-DfpjVpIg.mjs (15.5 kB) (4.63 kB gzip)
  ├─ .output/server/chunks/build/error-404-DfpjVpIg.mjs.map (11.2 kB) (2.63 kB gzip)
  ├─ .output/server/chunks/build/error-404-styles.CiJjK6WX.mjs (3.81 kB) (1.22 kB gzip)
  ├─ .output/server/chunks/build/error-404-styles.CiJjK6WX.mjs.map (300 B) (200 B gzip)
  ├─ .output/server/chunks/build/error-500-CY99Tb5P.mjs (4.75 kB) (1.95 kB gzip)
  ├─ .output/server/chunks/build/error-500-CY99Tb5P.mjs.map (1.62 kB) (563 B gzip)
  ├─ .output/server/chunks/build/error-500-styles.ulHNpcF1.mjs (2.16 kB) (853 B gzip)
  ├─ .output/server/chunks/build/error-500-styles.ulHNpcF1.mjs.map (300 B) (195 B gzip)
  ├─ .output/server/chunks/build/index-DbVr04lS.mjs (82 kB) (15.9 kB gzip)
  ├─ .output/server/chunks/build/index-DbVr04lS.mjs.map (71.7 kB) (11.6 kB gzip)
  ├─ .output/server/chunks/build/payment-attempt-timeline-CA3j63zN.mjs (20.4 kB) (5.1 kB gzip)
  ├─ .output/server/chunks/build/payment-attempt-timeline-CA3j63zN.mjs.map (17.2 kB) (3.34 kB gzip)
  ├─ .output/server/chunks/build/server.mjs (33 kB) (8.76 kB gzip)
  ├─ .output/server/chunks/build/server.mjs.map (34.8 kB) (6.01 kB gzip)
  ├─ .output/server/chunks/build/styles.mjs (847 B) (315 B gzip)
  ├─ .output/server/chunks/build/styles.mjs.map (537 B) (214 B gzip)
  ├─ .output/server/chunks/build/v3-CcxEywnF.mjs (702 B) (372 B gzip)
  ├─ .output/server/chunks/build/v3-CcxEywnF.mjs.map (662 B) (331 B gzip)
  ├─ .output/server/chunks/nitro/nitro.mjs (161 kB) (39.9 kB gzip)
  ├─ .output/server/chunks/nitro/nitro.mjs.map (2.96 kB) (748 B gzip)
  ├─ .output/server/chunks/routes/renderer.mjs (16.8 kB) (5.44 kB gzip)
  ├─ .output/server/chunks/routes/renderer.mjs.map (845 B) (273 B gzip)
  ├─ .output/server/chunks/virtual/_virtual_spa-template.mjs (94 B) (100 B gzip)
  ├─ .output/server/chunks/virtual/_virtual_spa-template.mjs.map (90 B) (98 B gzip)
  ├─ .output/server/index.mjs (353 B) (204 B gzip)
  └─ .output/server/package.json (732 B) (329 B gzip)
Σ Total size: 2.12 MB (514 kB gzip)
[nitro] ✔ You can preview this build using node .output/server/index.mjs
│
└  ✨ Build complete!
