
> payment-gateway-frontend@0.1.0 preview
> nuxt preview --port 3001

│
│
│ ╭── Previewing Nuxt app ─────────────────────────────────────────────────╮
│ │                                                                        │
│ │  You are previewing a Nuxt app. In production, do not use this CLI.    │
│ │  Instead, run node server/index.mjs directly.                          │
│ │                                                                        │
│ │  Node.js:           v22.22.1                                           │
│ │  Nitro preset:      node-server                                        │
│ │  Working directory: .output                                            │
│ │                                                                        │
│ ╰────────────────────────────────────────────────────────────────────────╯
│
└  Running node server/index.mjs in .output

[uncaughtException] Error: listen EADDRINUSE: address already in use :::3001
    at Server.setupListenHandle [as _listen2] (node:net:1940:16)
    at listenInCluster (node:net:1997:12)
    at Server.listen (node:net:2102:7)
    at file:///home/onesiamsoft/payment-gateway/frontend/.output/server/chunks/nitro/nitro.mjs:5324:25
    at ModuleJob.run (node:internal/modules/esm/module_job:343:25)
    at async onImport.tracePromise.__proto__ (node:internal/modules/esm/loader:665:26)
    at async asyncRunEntryPointWithESMLoader (node:internal/modules/run_main:117:5) {
  code: 'EADDRINUSE',
  errno: -98,
  syscall: 'listen',
  address: '::',
  port: 3001
}
