
> payment-gateway-frontend@0.1.0 build
> nuxt build

│
▲  Changing NODE_ENV from development to production, to avoid unintended behavior.
┌  Building Nuxt for production...
│
●  Nuxt 3.21.2 (with Nitro 2.13.1, Vite 7.3.1 and Vue 3.5.30)
│
●  Nitro preset: node-server
ℹ Building client...
ℹ vite v7.3.1 building client environment for production...
ℹ transforming...
ℹ ✓ 142 modules transformed.
ℹ rendering chunks...
ℹ computing gzip size...
ℹ .nuxt/dist/client/manifest.json                   2.26 kB │ gzip:  0.47 kB
ℹ .nuxt/dist/client/_nuxt/error-500.I1Dtv2V5.css    1.88 kB │ gzip:  0.72 kB
ℹ .nuxt/dist/client/_nuxt/error-404.DL_4WIao.css    3.53 kB │ gzip:  1.09 kB
ℹ .nuxt/dist/client/_nuxt/70vqD3vr.js               0.25 kB │ gzip:  0.20 kB
ℹ .nuxt/dist/client/_nuxt/DBIcmF5x.js               0.39 kB │ gzip:  0.29 kB
ℹ .nuxt/dist/client/_nuxt/BtzxtDzH.js               3.39 kB │ gzip:  1.54 kB
ℹ .nuxt/dist/client/_nuxt/CHGJM0pr.js               9.07 kB │ gzip:  3.67 kB
ℹ .nuxt/dist/client/_nuxt/II3nwcs2.js              13.48 kB │ gzip:  4.23 kB
ℹ .nuxt/dist/client/_nuxt/C9Z_Z4Fw.js              22.32 kB │ gzip:  6.86 kB
ℹ .nuxt/dist/client/_nuxt/BpYRKiWK.js             175.48 kB │ gzip: 65.90 kB
ℹ .nuxt/dist/client/_nuxt/BSvS5h-b.js             249.60 kB │ gzip: 59.32 kB
ℹ ✓ built in 1.53s
✔ Client built in 1539ms
ℹ Building server...
ℹ vite v7.3.1 building ssr environment for production...
ℹ transforming...
ℹ ✓ 75 modules transformed.
ℹ rendering chunks...
ℹ ✓ built in 1.01s
✔ Server built in 1012ms
[nitro] ✔ Generated public .output/public
[nitro] ℹ Building Nuxt Nitro server (preset: node-server, compatibility date: 2024-04-03)
[nitro] ✔ Nuxt Nitro server built
  ├─ .output/server/chunks/_/error-500.mjs (4.9 kB) (2.06 kB gzip)
  ├─ .output/server/chunks/_/error-500.mjs.map (182 B) (154 B gzip)
  ├─ .output/server/chunks/build/client.precomputed.mjs (4.64 kB) (766 B gzip)
  ├─ .output/server/chunks/build/client.precomputed.mjs.map (4.54 kB) (445 B gzip)
  ├─ .output/server/chunks/build/entry-styles.DW36NxB6.mjs (9.98 kB) (2.96 kB gzip)
  ├─ .output/server/chunks/build/entry-styles.DW36NxB6.mjs.map (285 B) (193 B gzip)
  ├─ .output/server/chunks/build/error-404-DfpjVpIg.mjs (15.5 kB) (4.63 kB gzip)
  ├─ .output/server/chunks/build/error-404-DfpjVpIg.mjs.map (11.2 kB) (2.63 kB gzip)
  ├─ .output/server/chunks/build/error-404-styles.CiJjK6WX.mjs (3.81 kB) (1.22 kB gzip)
  ├─ .output/server/chunks/build/error-404-styles.CiJjK6WX.mjs.map (300 B) (200 B gzip)
  ├─ .output/server/chunks/build/error-500-CY99Tb5P.mjs (4.75 kB) (1.95 kB gzip)
  ├─ .output/server/chunks/build/error-500-CY99Tb5P.mjs.map (1.62 kB) (563 B gzip)
  ├─ .output/server/chunks/build/error-500-styles.ulHNpcF1.mjs (2.16 kB) (853 B gzip)
  ├─ .output/server/chunks/build/error-500-styles.ulHNpcF1.mjs.map (300 B) (195 B gzip)
  ├─ .output/server/chunks/build/index-C_twBr7e.mjs (286 kB) (48.1 kB gzip)
  ├─ .output/server/chunks/build/index-C_twBr7e.mjs.map (250 kB) (35.4 kB gzip)
  ├─ .output/server/chunks/build/payment-attempt-timeline-CsstVsCh.mjs (29.8 kB) (6.91 kB gzip)
  ├─ .output/server/chunks/build/payment-attempt-timeline-CsstVsCh.mjs.map (25.1 kB) (4.47 kB gzip)
  ├─ .output/server/chunks/build/release-gate-evidence-digest-DH-OKz-c.mjs (7.38 kB) (2.12 kB gzip)
  ├─ .output/server/chunks/build/release-gate-evidence-digest-DH-OKz-c.mjs.map (5.78 kB) (1.29 kB gzip)
  ├─ .output/server/chunks/build/server.mjs (33.2 kB) (8.8 kB gzip)
  ├─ .output/server/chunks/build/server.mjs.map (34.9 kB) (6.03 kB gzip)
  ├─ .output/server/chunks/build/styles.mjs (847 B) (315 B gzip)
  ├─ .output/server/chunks/build/styles.mjs.map (537 B) (214 B gzip)
  ├─ .output/server/chunks/build/v3-CcxEywnF.mjs (702 B) (372 B gzip)
  ├─ .output/server/chunks/build/v3-CcxEywnF.mjs.map (662 B) (331 B gzip)
  ├─ .output/server/chunks/nitro/nitro.mjs (161 kB) (40 kB gzip)
  ├─ .output/server/chunks/nitro/nitro.mjs.map (2.96 kB) (748 B gzip)
  ├─ .output/server/chunks/routes/renderer.mjs (16.8 kB) (5.44 kB gzip)
  ├─ .output/server/chunks/routes/renderer.mjs.map (845 B) (273 B gzip)
  ├─ .output/server/chunks/virtual/_virtual_spa-template.mjs (94 B) (100 B gzip)
  ├─ .output/server/chunks/virtual/_virtual_spa-template.mjs.map (90 B) (98 B gzip)
  ├─ .output/server/index.mjs (353 B) (204 B gzip)
  └─ .output/server/package.json (732 B) (329 B gzip)
Σ Total size: 2.54 MB (577 kB gzip)
[nitro] ✔ You can preview this build using node .output/server/index.mjs
│
└  ✨ Build complete!
